<?xml version="1.0" encoding="UTF-8"?>
<testng-results ignored="0" total="2" passed="2" failed="0" skipped="0">
  <reporter-output>
  </reporter-output>
  <suite started-at="2019-11-13T17:43:34 IST" name="Default suite" finished-at="2019-11-13T17:43:54 IST" duration-ms="20589">
    <groups>
    </groups>
    <test started-at="2019-11-13T17:43:34 IST" name="Default test" finished-at="2019-11-13T17:43:54 IST" duration-ms="20589">
      <class name="org.maven.MavenProject.TestNg">
        <test-method is-config="true" signature="launchBrowser()[pri:0, instance:org.maven.MavenProject.TestNg@2805c96b]" started-at="2019-11-13T17:43:34 IST" name="launchBrowser" finished-at="2019-11-13T17:43:43 IST" duration-ms="9262" status="PASS">
          <reporter-output>
          </reporter-output>
        </test-method> <!-- launchBrowser -->
        <test-method is-config="true" signature="starttime()[pri:0, instance:org.maven.MavenProject.TestNg@2805c96b]" started-at="2019-11-13T17:43:43 IST" name="starttime" finished-at="2019-11-13T17:43:43 IST" duration-ms="7" status="PASS">
          <reporter-output>
          </reporter-output>
        </test-method> <!-- starttime -->
        <test-method signature="test1()[pri:0, instance:org.maven.MavenProject.TestNg@2805c96b]" started-at="2019-11-13T17:43:43 IST" name="test1" finished-at="2019-11-13T17:43:43 IST" duration-ms="274" status="PASS">
          <reporter-output>
          </reporter-output>
        </test-method> <!-- test1 -->
        <test-method is-config="true" signature="endtime()[pri:0, instance:org.maven.MavenProject.TestNg@2805c96b]" started-at="2019-11-13T17:43:43 IST" name="endtime" finished-at="2019-11-13T17:43:43 IST" duration-ms="0" status="PASS">
          <reporter-output>
          </reporter-output>
        </test-method> <!-- endtime -->
        <test-method is-config="true" signature="starttime()[pri:0, instance:org.maven.MavenProject.TestNg@2805c96b]" started-at="2019-11-13T17:43:43 IST" name="starttime" finished-at="2019-11-13T17:43:43 IST" duration-ms="1" status="PASS">
          <reporter-output>
          </reporter-output>
        </test-method> <!-- starttime -->
        <test-method signature="test2()[pri:0, instance:org.maven.MavenProject.TestNg@2805c96b]" started-at="2019-11-13T17:43:43 IST" name="test2" finished-at="2019-11-13T17:43:54 IST" duration-ms="10994" status="PASS">
          <reporter-output>
          </reporter-output>
        </test-method> <!-- test2 -->
        <test-method is-config="true" signature="endtime()[pri:0, instance:org.maven.MavenProject.TestNg@2805c96b]" started-at="2019-11-13T17:43:54 IST" name="endtime" finished-at="2019-11-13T17:43:54 IST" duration-ms="0" status="PASS">
          <reporter-output>
          </reporter-output>
        </test-method> <!-- endtime -->
        <test-method is-config="true" signature="closeBrowser()[pri:0, instance:org.maven.MavenProject.TestNg@2805c96b]" started-at="2019-11-13T17:43:54 IST" name="closeBrowser" finished-at="2019-11-13T17:43:54 IST" duration-ms="0" status="PASS">
          <reporter-output>
          </reporter-output>
        </test-method> <!-- closeBrowser -->
      </class> <!-- org.maven.MavenProject.TestNg -->
    </test> <!-- Default test -->
  </suite> <!-- Default suite -->
</testng-results>
